Performing C SOURCE FILE Test CMAKE_HAVE_LIBC_PTHREAD failed with the following output:
Change Dir: /media/y/Elements/ubuntu/ros resoure/ros1/six/build/CMakeFiles/CMakeTmp

Run Build Command(s):/usr/bin/make cmTC_fd473/fast && /usr/bin/make -f CMakeFiles/cmTC_fd473.dir/build.make CMakeFiles/cmTC_fd473.dir/build
make[1]: 进入目录“/media/y/Elements/ubuntu/ros resoure/ros1/six/build/CMakeFiles/CMakeTmp”
Building C object CMakeFiles/cmTC_fd473.dir/src.c.o
/usr/bin/cc   -DCMAKE_HAVE_LIBC_PTHREAD   -o CMakeFiles/cmTC_fd473.dir/src.c.o   -c "/media/y/Elements/ubuntu/ros resoure/ros1/six/build/CMakeFiles/CMakeTmp/src.c"
Linking C executable cmTC_fd473
/usr/bin/cmake -E cmake_link_script CMakeFiles/cmTC_fd473.dir/link.txt --verbose=1
/usr/bin/cc  -DCMAKE_HAVE_LIBC_PTHREAD    -rdynamic CMakeFiles/cmTC_fd473.dir/src.c.o  -o cmTC_fd473 
/usr/bin/ld: CMakeFiles/cmTC_fd473.dir/src.c.o: in function `main':
src.c:(.text+0x46): undefined reference to `pthread_create'
/usr/bin/ld: src.c:(.text+0x52): undefined reference to `pthread_detach'
/usr/bin/ld: src.c:(.text+0x63): undefined reference to `pthread_join'
collect2: error: ld returned 1 exit status
make[1]: *** [CMakeFiles/cmTC_fd473.dir/build.make:87：cmTC_fd473] 错误 1
make[1]: 离开目录“/media/y/Elements/ubuntu/ros resoure/ros1/six/build/CMakeFiles/CMakeTmp”
make: *** [Makefile:121：cmTC_fd473/fast] 错误 2


Source file was:
#include <pthread.h>

void* test_func(void* data)
{
  return data;
}

int main(void)
{
  pthread_t thread;
  pthread_create(&thread, NULL, test_func, NULL);
  pthread_detach(thread);
  pthread_join(thread, NULL);
  pthread_atfork(NULL, NULL, NULL);
  pthread_exit(NULL);

  return 0;
}

Determining if the function pthread_create exists in the pthreads failed with the following output:
Change Dir: /media/y/Elements/ubuntu/ros resoure/ros1/six/build/CMakeFiles/CMakeTmp

Run Build Command(s):/usr/bin/make cmTC_eed52/fast && /usr/bin/make -f CMakeFiles/cmTC_eed52.dir/build.make CMakeFiles/cmTC_eed52.dir/build
make[1]: 进入目录“/media/y/Elements/ubuntu/ros resoure/ros1/six/build/CMakeFiles/CMakeTmp”
Building C object CMakeFiles/cmTC_eed52.dir/CheckFunctionExists.c.o
/usr/bin/cc   -DCHECK_FUNCTION_EXISTS=pthread_create   -o CMakeFiles/cmTC_eed52.dir/CheckFunctionExists.c.o   -c /usr/share/cmake-3.16/Modules/CheckFunctionExists.c
Linking C executable cmTC_eed52
/usr/bin/cmake -E cmake_link_script CMakeFiles/cmTC_eed52.dir/link.txt --verbose=1
/usr/bin/cc  -DCHECK_FUNCTION_EXISTS=pthread_create    -rdynamic CMakeFiles/cmTC_eed52.dir/CheckFunctionExists.c.o  -o cmTC_eed52  -lpthreads 
/usr/bin/ld: 找不到 -lpthreads
collect2: error: ld returned 1 exit status
make[1]: *** [CMakeFiles/cmTC_eed52.dir/build.make:87：cmTC_eed52] 错误 1
make[1]: 离开目录“/media/y/Elements/ubuntu/ros resoure/ros1/six/build/CMakeFiles/CMakeTmp”
make: *** [Makefile:121：cmTC_eed52/fast] 错误 2



